<?xml version="1.0" encoding="UTF-8"?>
<!-- Generated by org.testng.reporters.JUnitXMLReporter -->
<testsuite hostname="MyHP" name="Test" tests="1" failures="0" timestamp="3 Jun 2018 07:23:20 GMT" time="0.132" errors="0">
  <testcase name="@BeforeMethod beforeMethod" time="0.0" classname="fb_gmail_TC.Fb_Gmail_TC">
    <failure type="org.testng.TestNGException" message="
Method beforeMethod requires 3 parameters but 0 were supplied in the @Configuration annotation.">
      <![CDATA[org.testng.TestNGException: 
Method beforeMethod requires 3 parameters but 0 were supplied in the @Configuration annotation.
... Removed 24 stack frames]]>
    </failure>
  </testcase> <!-- @BeforeMethod beforeMethod -->
  <testcase name="@AfterMethod afterMethod" time="0.0" classname="fb_gmail_TC.Fb_Gmail_TC">
    <skipped/>
  </testcase> <!-- @AfterMethod afterMethod -->
  <testcase name="fb_Test" time="0.022" classname="fb_gmail_TC.Fb_Gmail_TC">
    <skipped/>
  </testcase> <!-- fb_Test -->
</testsuite> <!-- Test -->
